*** Using Compiler 'V5.06 update 7 (build 960)', folder: 'C:\Software\Develop\Keil_v5\ARM\ARMCC\Bin'
Build target 'epd-demo'
compiling fatfs.c...
compiling stm32f1xx_hal.c...
compiling stm32f1xx_hal_msp.c...
compiling tim.c...
compiling logger.c...
compiling gpio.c...
compiling user_diskio.c...
compiling stm32f1xx_it.c...
compiling spi.c...
compiling demo.c...
compiling stm32f1xx_hal_rcc_ex.c...
compiling stm32f1xx_hal_rcc.c...
compiling usart.c...
compiling stm32f1xx_hal_gpio_ex.c...
compiling stm32f1xx_hal_gpio.c...
compiling main.c...
compiling stm32f1xx_hal_cortex.c...
compiling stm32f1xx_hal_dma.c...
compiling stm32f1xx_hal_pwr.c...
compiling stm32f1xx_hal_flash.c...
compiling stm32f1xx_hal_flash_ex.c...
compiling ff_gen_drv.c...
compiling stm32f1xx_hal_exti.c...
compiling stm32f1xx_hal_uart.c...
compiling diskio.c...
compiling system_stm32f1xx.c...
compiling stm32f1xx_hal_spi.c...
compiling ccsbcs.c...
compiling syscall.c...
compiling ff.c...
compiling stm32f1xx_hal_tim_ex.c...
compiling st25r3911_com.c...
compiling st25r3911.c...
compiling stm32f1xx_hal_tim.c...
compiling st25r3911_interrupt.c...
compiling timer.c...
compiling rfal_crc.c...
compiling rfal_dpo.c...
compiling rfal_analogConfig.c...
compiling rfal_isoDep.c...
compiling rfal_st25tb.c...
compiling rfal_nfca.c...
compiling rfal_nfcb.c...
compiling rfal_nfcDep.c...
compiling rfal_iso15693_2.c...
compiling rfal_nfcf.c...
compiling rfal_nfcv.c...
compiling rfal_nfc.c...
compiling rfal_st25xv.c...
compiling rfal_rfst25r3911.c...
compiling rfal_t1t.c...
compiling rfal_t2t.c...
compiling rfal_t4t.c...
linking...
Program Size: Code=24912 RO-data=712 RW-data=5092 ZI-data=4468  
FromELF: creating hex file...
"epd-demo\epd-demo.axf" - 0 Error(s), 0 Warning(s).
Build Time Elapsed:  00:00:19
